Determining if the pthread_create exist failed with the following output:
Change Dir: /home/jing/Documents/Scripts/temp_tests/grasping_DOM/build/CMakeFiles/CMakeTmp

Run Build Command:"/usr/bin/make" "cmTC_ccb36/fast"
/usr/bin/make -f CMakeFiles/cmTC_ccb36.dir/build.make CMakeFiles/cmTC_ccb36.dir/build
make[1]: Entering directory '/home/jing/Documents/Scripts/temp_tests/grasping_DOM/build/CMakeFiles/CMakeTmp'
Building C object CMakeFiles/cmTC_ccb36.dir/CheckSymbolExists.c.o
/usr/bin/cc    -o CMakeFiles/cmTC_ccb36.dir/CheckSymbolExists.c.o   -c /home/jing/Documents/Scripts/temp_tests/grasping_DOM/build/CMakeFiles/CMakeTmp/CheckSymbolExists.c
Linking C executable cmTC_ccb36
/usr/bin/cmake -E cmake_link_script CMakeFiles/cmTC_ccb36.dir/link.txt --verbose=1
/usr/bin/cc      -rdynamic CMakeFiles/cmTC_ccb36.dir/CheckSymbolExists.c.o  -o cmTC_ccb36 
CMakeFiles/cmTC_ccb36.dir/CheckSymbolExists.c.o: In function `main':
CheckSymbolExists.c:(.text+0x1b): undefined reference to `pthread_create'
collect2: error: ld returned 1 exit status
CMakeFiles/cmTC_ccb36.dir/build.make:97: recipe for target 'cmTC_ccb36' failed
make[1]: *** [cmTC_ccb36] Error 1
make[1]: Leaving directory '/home/jing/Documents/Scripts/temp_tests/grasping_DOM/build/CMakeFiles/CMakeTmp'
Makefile:126: recipe for target 'cmTC_ccb36/fast' failed
make: *** [cmTC_ccb36/fast] Error 2

File /home/jing/Documents/Scripts/temp_tests/grasping_DOM/build/CMakeFiles/CMakeTmp/CheckSymbolExists.c:
/* */
#include <pthread.h>

int main(int argc, char** argv)
{
  (void)argv;
#ifndef pthread_create
  return ((int*)(&pthread_create))[argc];
#else
  (void)argc;
  return 0;
#endif
}

Determining if the function pthread_create exists in the pthreads failed with the following output:
Change Dir: /home/jing/Documents/Scripts/temp_tests/grasping_DOM/build/CMakeFiles/CMakeTmp

Run Build Command:"/usr/bin/make" "cmTC_25dc2/fast"
/usr/bin/make -f CMakeFiles/cmTC_25dc2.dir/build.make CMakeFiles/cmTC_25dc2.dir/build
make[1]: Entering directory '/home/jing/Documents/Scripts/temp_tests/grasping_DOM/build/CMakeFiles/CMakeTmp'
Building C object CMakeFiles/cmTC_25dc2.dir/CheckFunctionExists.c.o
/usr/bin/cc   -DCHECK_FUNCTION_EXISTS=pthread_create   -o CMakeFiles/cmTC_25dc2.dir/CheckFunctionExists.c.o   -c /usr/share/cmake-3.10/Modules/CheckFunctionExists.c
Linking C executable cmTC_25dc2
/usr/bin/cmake -E cmake_link_script CMakeFiles/cmTC_25dc2.dir/link.txt --verbose=1
/usr/bin/cc  -DCHECK_FUNCTION_EXISTS=pthread_create    -rdynamic CMakeFiles/cmTC_25dc2.dir/CheckFunctionExists.c.o  -o cmTC_25dc2 -lpthreads 
/usr/bin/ld: cannot find -lpthreads
collect2: error: ld returned 1 exit status
CMakeFiles/cmTC_25dc2.dir/build.make:97: recipe for target 'cmTC_25dc2' failed
make[1]: *** [cmTC_25dc2] Error 1
make[1]: Leaving directory '/home/jing/Documents/Scripts/temp_tests/grasping_DOM/build/CMakeFiles/CMakeTmp'
Makefile:126: recipe for target 'cmTC_25dc2/fast' failed
make: *** [cmTC_25dc2/fast] Error 2


